[2025-12-11T02:11:18.214Z] [INFO] [System] 📄 配置文件: C:\Users\wanggang\Desktop\dota2_arcade_bot_v6_0\dota2_arcade_bot_v6_0\config\config_showcase.json
[2025-12-11T02:11:18.215Z] [INFO] [Section] Dota2 展示车队 v1.0
[2025-12-11T02:11:18.216Z] [INFO] [System] 模式: 生产模式
[2025-12-11T02:11:18.216Z] [INFO] [System] 游戏ID: 3586896069
[2025-12-11T02:11:18.216Z] [INFO] [System] 轮换周期: 20 分钟
[2025-12-11T02:11:18.217Z] [INFO] [Section] 展示车队启动
[2025-12-11T02:11:18.217Z] [INFO] [Showcase] 展示主号A: a02821145
[2025-12-11T02:11:18.218Z] [INFO] [Showcase] 展示主号B: CriticalStrikeStudio
[2025-12-11T02:11:18.221Z] [INFO] [Showcase] 轮换周期: 20 分钟
[2025-12-11T02:11:18.222Z] [INFO] [展示主号A] 使用代理: http://lrkksoef:47592sgxxc1k@82.22.224.200:7532
[2025-12-11T02:11:18.223Z] [INFO] [展示主号B] 使用代理: http://lrkksoef:47592sgxxc1k@82.22.224.200:7532
[2025-12-11T02:11:18.224Z] [INFO] [Showcase] 🚀 启动展示主号A，创建初始公开房...
[2025-12-11T02:11:18.225Z] [INFO] [Showcase] ⏱️ 轮换定时器已启动
[2025-12-11T02:11:18.225Z] [INFO] [Showcase]    下次轮换: 20 分钟后
[2025-12-11T02:11:26.295Z] [INFO] [Showcase] 展示主号A GC已连接，创建公开房...
[2025-12-11T02:11:28.134Z] [SUCCESS] [展示主号A] 公开房创建成功: 29617193639525922 | 人数: 1
[2025-12-11T02:12:19.673Z] [INFO] [Status] 活跃: 主号A | 房间A: 525922(0m) | 房间B: 无 | 轮换: 0次 | 游廊: 6个
[2025-12-11T02:13:19.249Z] [INFO] [Status] 活跃: 主号A | 房间A: 525922(1m) | 房间B: 无 | 轮换: 0次 | 游廊: 8个
[2025-12-11T02:14:19.274Z] [INFO] [Status] 活跃: 主号A | 房间A: 525922(2m) | 房间B: 无 | 轮换: 0次 | 游廊: 10个
[2025-12-11T02:15:19.217Z] [INFO] [Status] 活跃: 主号A | 房间A: 525922(3m) | 房间B: 无 | 轮换: 0次 | 游廊: 12个
[2025-12-11T02:16:19.174Z] [INFO] [Status] 活跃: 主号A | 房间A: 525922(4m) | 房间B: 无 | 轮换: 0次 | 游廊: 14个
[2025-12-11T02:17:19.322Z] [INFO] [Status] 活跃: 主号A | 房间A: 525922(5m) | 房间B: 无 | 轮换: 0次 | 游廊: 16个
[2025-12-11T02:18:19.269Z] [INFO] [Status] 活跃: 主号A | 房间A: 525922(6m) | 房间B: 无 | 轮换: 0次 | 游廊: 18个
[2025-12-11T02:19:19.267Z] [INFO] [Status] 活跃: 主号A | 房间A: 525922(7m) | 房间B: 无 | 轮换: 0次 | 游廊: 21个
[2025-12-11T02:20:19.214Z] [INFO] [Status] 活跃: 主号A | 房间A: 525922(8m) | 房间B: 无 | 轮换: 0次 | 游廊: 23个
[2025-12-11T02:21:19.312Z] [INFO] [Status] 活跃: 主号A | 房间A: 525922(9m) | 房间B: 无 | 轮换: 0次 | 游廊: 24个
[2025-12-11T02:22:19.312Z] [INFO] [Status] 活跃: 主号A | 房间A: 525922(10m) | 房间B: 无 | 轮换: 0次 | 游廊: 26个
[2025-12-11T02:23:19.307Z] [INFO] [Status] 活跃: 主号A | 房间A: 525922(11m) | 房间B: 无 | 轮换: 0次 | 游廊: 28个
[2025-12-11T02:24:19.303Z] [INFO] [Status] 活跃: 主号A | 房间A: 525922(12m) | 房间B: 无 | 轮换: 0次 | 游廊: 30个
[2025-12-11T02:25:19.303Z] [INFO] [Status] 活跃: 主号A | 房间A: 525922(13m) | 房间B: 无 | 轮换: 0次 | 游廊: 33个
[2025-12-11T02:26:19.252Z] [INFO] [Status] 活跃: 主号A | 房间A: 525922(14m) | 房间B: 无 | 轮换: 0次 | 游廊: 35个
[2025-12-11T02:27:19.401Z] [INFO] [Status] 活跃: 主号A | 房间A: 525922(15m) | 房间B: 无 | 轮换: 0次 | 游廊: 36个
[2025-12-11T02:28:19.300Z] [INFO] [Status] 活跃: 主号A | 房间A: 525922(16m) | 房间B: 无 | 轮换: 0次 | 游廊: 36个
[2025-12-11T02:29:19.298Z] [INFO] [Status] 活跃: 主号A | 房间A: 525922(17m) | 房间B: 无 | 轮换: 0次 | 游廊: 38个
[2025-12-11T02:30:19.398Z] [INFO] [Status] 活跃: 主号A | 房间A: 525922(18m) | 房间B: 无 | 轮换: 0次 | 游廊: 40个
[2025-12-11T02:31:18.234Z] [INFO] [Section] 第 1 次轮换（双房间模式）
[2025-12-11T02:31:18.234Z] [INFO] [Showcase] 当前活跃: 主号A (a02821145)
[2025-12-11T02:31:18.235Z] [INFO] [Showcase] 主号A房间: 29617193639525922 (存活: 19分钟)
[2025-12-11T02:31:18.235Z] [INFO] [Showcase] 主号B房间: 无 (存活: 0分钟)
[2025-12-11T02:31:18.235Z] [INFO] [Showcase] 即将操作: 主号B 创建新房间
[2025-12-11T02:31:18.236Z] [INFO] [Showcase] [步骤1/3] 确保主号B已连接...
[2025-12-11T02:31:18.236Z] [INFO] [Showcase] 主号B尚未连接，启动登录...
[2025-12-11T02:31:19.298Z] [INFO] [Status] 活跃: 主号A | 房间A: 525922(19m) | 房间B: 无 | 轮换: 1次 | 游廊: 43个
[2025-12-11T02:31:23.814Z] [SUCCESS] [Showcase] 主号B已就绪
[2025-12-11T02:31:23.814Z] [INFO] [Showcase] [步骤2/3] 主号B创建新公开房...
[2025-12-11T02:31:25.258Z] [SUCCESS] [展示主号B] 公开房创建成功: 29617193648258154 | 人数: 1
[2025-12-11T02:31:25.349Z] [SUCCESS] [Showcase] 新公开房: 29617193648258154
[2025-12-11T02:31:25.349Z] [INFO] [Showcase] [步骤3/3] 保持主号A的房间（双房间模式）
[2025-12-11T02:31:25.350Z] [INFO] [Showcase] 主号A房间保持: 29617193639525922
[2025-12-11T02:31:25.350Z] [SUCCESS] [Showcase] 主号轮换完成，当前活跃: 主号B
[2025-12-11T02:31:25.351Z] [INFO] [Showcase] 同时存在房间: 主号A=29617193639525922, 主号B=29617193648258154
[2025-12-11T02:31:25.351Z] [INFO] [Showcase] 查询游廊房间列表...
[2025-12-11T02:31:26.246Z] [INFO] [Showcase] 游廊房间: 43个 | 主号A在列表: 是 | 主号B在列表: 否
[2025-12-11T02:31:26.246Z] [INFO] [Showcase] 房间数量(43)未达阈值(70)，跳过解散
[2025-12-11T02:31:26.247Z] [INFO] [Section] 轮换完成
[2025-12-11T02:31:26.247Z] [INFO] [Showcase] 下次轮换: 20 分钟后
[2025-12-11T02:32:19.013Z] [INFO] [Status] 活跃: 主号B | 房间A: 525922(20m) | 房间B: 258154(0m) | 轮换: 1次 | 游廊: 45个
[2025-12-11T02:33:18.962Z] [INFO] [Status] 活跃: 主号B | 房间A: 525922(21m) | 房间B: 258154(1m) | 轮换: 1次 | 游廊: 46个
[2025-12-11T02:34:18.955Z] [INFO] [Status] 活跃: 主号B | 房间A: 525922(22m) | 房间B: 258154(2m) | 轮换: 1次 | 游廊: 48个
[2025-12-11T02:35:19.005Z] [INFO] [Status] 活跃: 主号B | 房间A: 525922(23m) | 房间B: 258154(3m) | 轮换: 1次 | 游廊: 50个
[2025-12-11T02:36:19.057Z] [INFO] [Status] 活跃: 主号B | 房间A: 525922(24m) | 房间B: 258154(4m) | 轮换: 1次 | 游廊: 52个
[2025-12-11T02:37:19.007Z] [INFO] [Status] 活跃: 主号B | 房间A: 525922(25m) | 房间B: 258154(5m) | 轮换: 1次 | 游廊: 54个
[2025-12-11T02:38:19.056Z] [INFO] [Status] 活跃: 主号B | 房间A: 525922(26m) | 房间B: 258154(6m) | 轮换: 1次 | 游廊: 57个
[2025-12-11T02:39:18.959Z] [INFO] [Status] 活跃: 主号B | 房间A: 525922(27m) | 房间B: 258154(7m) | 轮换: 1次 | 游廊: 58个
[2025-12-11T02:40:19.062Z] [INFO] [Status] 活跃: 主号B | 房间A: 525922(28m) | 房间B: 258154(8m) | 轮换: 1次 | 游廊: 60个
[2025-12-11T02:41:19.061Z] [INFO] [Status] 活跃: 主号B | 房间A: 525922(29m) | 房间B: 258154(9m) | 轮换: 1次 | 游廊: 62个
[2025-12-11T02:42:19.062Z] [INFO] [Status] 活跃: 主号B | 房间A: 525922(30m) | 房间B: 258154(10m) | 轮换: 1次 | 游廊: 64个
[2025-12-11T02:43:19.113Z] [INFO] [Status] 活跃: 主号B | 房间A: 525922(31m) | 房间B: 258154(11m) | 轮换: 1次 | 游廊: 66个
[2025-12-11T02:44:19.116Z] [INFO] [Status] 活跃: 主号B | 房间A: 525922(32m) | 房间B: 258154(12m) | 轮换: 1次 | 游廊: 69个
[2025-12-11T02:45:19.122Z] [INFO] [Status] 活跃: 主号B | 房间A: 525922(33m) | 房间B: 258154(13m) | 轮换: 1次 | 游廊: 70个
[2025-12-11T02:46:19.114Z] [INFO] [Status] 活跃: 主号B | 房间A: 525922(34m) | 房间B: 258154(14m) | 轮换: 1次 | 游廊: 72个
[2025-12-11T02:47:19.065Z] [INFO] [Status] 活跃: 主号B | 房间A: 525922(35m) | 房间B: 258154(15m) | 轮换: 1次 | 游廊: 74个
[2025-12-11T02:48:19.114Z] [INFO] [Status] 活跃: 主号B | 房间A: 525922(36m) | 房间B: 258154(16m) | 轮换: 1次 | 游廊: 75个
[2025-12-11T02:49:19.114Z] [INFO] [Status] 活跃: 主号B | 房间A: 525922(37m) | 房间B: 258154(17m) | 轮换: 1次 | 游廊: 75个
[2025-12-11T02:50:19.165Z] [INFO] [Status] 活跃: 主号B | 房间A: 525922(38m) | 房间B: 258154(18m) | 轮换: 1次 | 游廊: 75个
[2025-12-11T02:51:18.238Z] [INFO] [Section] 第 2 次轮换（双房间模式）
[2025-12-11T02:51:18.238Z] [INFO] [Showcase] 当前活跃: 主号B (CriticalStrikeStudio)
[2025-12-11T02:51:18.239Z] [INFO] [Showcase] 主号B房间: 29617193648258154 (存活: 19分钟)
[2025-12-11T02:51:18.239Z] [INFO] [Showcase] 主号A房间: 29617193639525922 (存活: 39分钟)
[2025-12-11T02:51:18.240Z] [INFO] [Showcase] 即将操作: 主号A 创建新房间
[2025-12-11T02:51:18.240Z] [INFO] [Showcase] [步骤1/3] 确保主号A已连接...
[2025-12-11T02:51:18.240Z] [SUCCESS] [Showcase] 主号A已就绪
[2025-12-11T02:51:18.241Z] [INFO] [Showcase] [步骤2/3] 主号A创建新公开房...
[2025-12-11T02:51:18.241Z] [INFO] [Showcase] 主号A当前有旧房间 29617193639525922，先离开...
[2025-12-11T02:51:19.167Z] [INFO] [Status] 活跃: 主号B | 房间A: 无 | 房间B: 258154(19m) | 轮换: 2次 | 游廊: 75个
[2025-12-11T02:51:22.131Z] [SUCCESS] [展示主号A] 公开房创建成功: 29617193656654285 | 人数: 1
[2025-12-11T02:51:22.277Z] [SUCCESS] [Showcase] 新公开房: 29617193656654285
[2025-12-11T02:51:22.278Z] [INFO] [Showcase] [步骤3/3] 保持主号B的房间（双房间模式）
[2025-12-11T02:51:22.278Z] [INFO] [Showcase] 主号B房间保持: 29617193648258154
[2025-12-11T02:51:22.279Z] [SUCCESS] [Showcase] 主号轮换完成，当前活跃: 主号A
[2025-12-11T02:51:22.279Z] [INFO] [Showcase] 同时存在房间: 主号A=29617193656654285, 主号B=29617193648258154
[2025-12-11T02:51:22.279Z] [INFO] [Showcase] 查询游廊房间列表...
[2025-12-11T02:51:23.179Z] [INFO] [Showcase] 游廊房间: 75个 | 主号A在列表: 否 | 主号B在列表: 是
[2025-12-11T02:51:23.181Z] [INFO] [Showcase] 房间数达到阈值(75>=70)，通知挂机车队解散 5 个最老房间...
[2025-12-11T02:51:23.182Z] [INFO] [Showcase]    1. 29617193639533976 (创建时间: 10:11:29)
[2025-12-11T02:51:23.182Z] [INFO] [Showcase]    2. 29617193639776447 (创建时间: 10:12:03)
[2025-12-11T02:51:23.183Z] [INFO] [Showcase]    3. 29617193640056563 (创建时间: 10:12:35)
[2025-12-11T02:51:23.183Z] [INFO] [Showcase]    4. 29617193640290156 (创建时间: 10:13:08)
[2025-12-11T02:51:23.183Z] [INFO] [Showcase]    5. 29617193640544081 (创建时间: 10:13:40)
[2025-12-11T02:51:23.198Z] [SUCCESS] [Showcase]    已通知挂机车队解散房间
[2025-12-11T02:51:23.199Z] [INFO] [Section] 轮换完成
[2025-12-11T02:51:23.199Z] [INFO] [Showcase] 下次轮换: 20 分钟后
[2025-12-11T02:52:19.526Z] [INFO] [Status] 活跃: 主号A | 房间A: 654285(0m) | 房间B: 258154(20m) | 轮换: 2次 | 游廊: 75个
[2025-12-11T02:53:19.524Z] [INFO] [Status] 活跃: 主号A | 房间A: 654285(1m) | 房间B: 258154(21m) | 轮换: 2次 | 游廊: 75个
[2025-12-11T02:54:21.251Z] [INFO] [Status] 活跃: 主号A | 房间A: 654285(2m) | 房间B: 258154(22m) | 轮换: 2次 | 游廊: 75个
[2025-12-11T02:55:19.476Z] [INFO] [Status] 活跃: 主号A | 房间A: 654285(3m) | 房间B: 258154(23m) | 轮换: 2次 | 游廊: 75个
[2025-12-11T02:56:19.475Z] [INFO] [Status] 活跃: 主号A | 房间A: 654285(4m) | 房间B: 258154(24m) | 轮换: 2次 | 游廊: 75个
[2025-12-11T02:57:19.472Z] [INFO] [Status] 活跃: 主号A | 房间A: 654285(5m) | 房间B: 258154(25m) | 轮换: 2次 | 游廊: 75个
[2025-12-11T02:58:19.569Z] [INFO] [Status] 活跃: 主号A | 房间A: 654285(6m) | 房间B: 258154(26m) | 轮换: 2次 | 游廊: 75个
[2025-12-11T02:59:19.466Z] [INFO] [Status] 活跃: 主号A | 房间A: 654285(7m) | 房间B: 258154(27m) | 轮换: 2次 | 游廊: 75个
[2025-12-11T03:00:19.566Z] [INFO] [Status] 活跃: 主号A | 房间A: 654285(8m) | 房间B: 258154(28m) | 轮换: 2次 | 游廊: 75个
[2025-12-11T03:01:19.571Z] [INFO] [Status] 活跃: 主号A | 房间A: 654285(9m) | 房间B: 258154(29m) | 轮换: 2次 | 游廊: 75个
[2025-12-11T03:02:19.560Z] [INFO] [Status] 活跃: 主号A | 房间A: 654285(10m) | 房间B: 258154(30m) | 轮换: 2次 | 游廊: 3个
[2025-12-11T03:03:19.560Z] [INFO] [Status] 活跃: 主号A | 房间A: 654285(11m) | 房间B: 258154(31m) | 轮换: 2次 | 游廊: 3个
[2025-12-11T03:04:19.558Z] [INFO] [Status] 活跃: 主号A | 房间A: 654285(12m) | 房间B: 258154(32m) | 轮换: 2次 | 游廊: 3个
[2025-12-11T03:05:23.612Z] [INFO] [Status] 活跃: 主号A | 房间A: 654285(13m) | 房间B: 258154(33m) | 轮换: 2次 | 游廊: 0个
[2025-12-11T03:06:19.491Z] [INFO] [Status] 活跃: 主号A | 房间A: 654285(14m) | 房间B: 258154(34m) | 轮换: 2次 | 游廊: 3个
[2025-12-11T03:07:19.271Z] [INFO] [Status] 活跃: 主号A | 房间A: 654285(15m) | 房间B: 258154(35m) | 轮换: 2次 | 游廊: 3个
[2025-12-11T03:08:19.250Z] [INFO] [Status] 活跃: 主号A | 房间A: 654285(16m) | 房间B: 258154(36m) | 轮换: 2次 | 游廊: 3个
[2025-12-11T03:09:19.245Z] [INFO] [Status] 活跃: 主号A | 房间A: 654285(17m) | 房间B: 258154(37m) | 轮换: 2次 | 游廊: 3个
[2025-12-11T03:10:19.244Z] [INFO] [Status] 活跃: 主号A | 房间A: 654285(18m) | 房间B: 258154(38m) | 轮换: 2次 | 游廊: 3个
